#
# There is insufficient memory for the Java Runtime Environment to continue.
# Native memory allocation (mmap) failed to map 262144000 bytes for G1 virtual space
# Possible reasons:
#   The system is out of physical RAM or swap space
#   The process is running with CompressedOops enabled, and the Java Heap may be blocking the growth of the native heap
# Possible solutions:
#   Reduce memory load on the system
#   Increase physical memory or swap space
#   Check if swap backing store is full
#   Decrease Java heap size (-Xmx/-Xms)
#   Decrease number of Java threads
#   Decrease Java thread stack sizes (-Xss)
#   Set larger code cache with -XX:ReservedCodeCacheSize=
#   JVM is running with Zero Based Compressed Oops mode in which the Java heap is
#     placed in the first 32GB address space. The Java Heap base address is the
#     maximum limit for the native heap growth. Please use -XX:HeapBaseMinAddress
#     to set the Java Heap base and to place the Java Heap above 32GB virtual address.
# This output file may be truncated or incomplete.
#
#  Out of Memory Error (os_windows.cpp:3528), pid=187144, tid=75108
#
# JRE version:  (20.0+36) (build )
# Java VM: Java HotSpot(TM) 64-Bit Server VM (20+36-2344, mixed mode, sharing, tiered, compressed oops, compressed class ptrs, g1 gc, windows-amd64)
# No core dump will be written. Minidumps are not enabled by default on client versions of Windows
#

---------------  S U M M A R Y ------------

Command Line: -Dclassworlds.conf=C:\maven\apache-maven-3.8.8\bin\m2.conf -Dmaven.home=C:\maven\apache-maven-3.8.8 -Dlibrary.jansi.path=C:\maven\apache-maven-3.8.8\lib\jansi-native -Dmaven.multiModuleProjectDirectory=C:\andon-jfa-project-finish\spring-boot-api-nodemcu-jwt-token org.codehaus.plexus.classworlds.launcher.Launcher clean install -DskipTests

Host: Intel(R) Core(TM) i7-10700F CPU @ 2.90GHz, 16 cores, 15G,  Windows 10 , 64 bit Build 19041 (10.0.19041.3636)
Time: Wed Feb  7 11:51:26 2024 Hora oficial do Brasil elapsed time: 0.299731 seconds (0d 0h 0m 0s)

---------------  T H R E A D  ---------------

Current thread (0x000002154e131f10):  JavaThread "Unknown thread" [_thread_in_vm, id=75108, stack(0x0000007b66300000,0x0000007b66400000)]

Stack: [0x0000007b66300000,0x0000007b66400000]
Native frames: (J=compiled Java code, j=interpreted, Vv=VM code, C=native code)
V  [jvm.dll+0x6bb95a]
V  [jvm.dll+0x8483aa]
V  [jvm.dll+0x849fa5]
V  [jvm.dll+0x84a6a3]
V  [jvm.dll+0x280b0f]
V  [jvm.dll+0x6b86e9]
V  [jvm.dll+0x6ad2da]
V  [jvm.dll+0x35adf5]
V  [jvm.dll+0x363016]
V  [jvm.dll+0x3b3b3e]
V  [jvm.dll+0x3b3dc5]
V  [jvm.dll+0x32b50a]
V  [jvm.dll+0x32c32b]
V  [jvm.dll+0x81106f]
V  [jvm.dll+0x3c0d91]
V  [jvm.dll+0x7fcd93]
V  [jvm.dll+0x44c76f]
V  [jvm.dll+0x44e0e1]
C  [jli.dll+0x5287]
C  [ucrtbase.dll+0x21bb2]
C  [KERNEL32.DLL+0x17344]
C  [ntdll.dll+0x526b1]


---------------  P R O C E S S  ---------------

Threads class SMR info:
_java_thread_list=0x00007ff8b4afa098, length=0, elements={
}

Java Threads: ( => current thread )

Other Threads:
  0x000002154e19fcd0 WorkerThread "GC Thread#0" [stack: 0x0000007b66400000,0x0000007b66500000] [id=186624]
  0x000002154e1f0010 ConcurrentGCThread "G1 Main Marker" [stack: 0x0000007b66500000,0x0000007b66600000] [id=185984]
  0x000002154e1f11e0 WorkerThread "G1 Conc#0" [stack: 0x0000007b66600000,0x0000007b66700000] [id=168388]

[error occurred during error reporting (printing all threads), id 0xc0000005, EXCEPTION_ACCESS_VIOLATION (0xc0000005) at pc=0x00007ff8b42deb47]
VM state: not at safepoint (not fully initialized)

VM Mutex/Monitor currently owned by a thread:  ([mutex/lock_event])
[0x000002154e12e220] Heap_lock - owner thread: 0x000002154e131f10

Heap address: 0x0000000706000000, size: 4000 MB, Compressed Oops mode: Zero based, Oop shift amount: 3

CDS archive(s) mapped at: [0x0000000000000000-0x0000000000000000-0x0000000000000000), size 0, SharedBaseAddress: 0x0000000800000000, ArchiveRelocationMode: 0.
Narrow klass base: 0x0000000000000000, Narrow klass shift: 0, Narrow klass range: 0x0

GC Precious Log:
 CardTable entry size: 512
 Card Set container configuration: InlinePtr #cards 4 size 8 Array Of Cards #cards 16 size 48 Howl #buckets 8 coarsen threshold 3686 Howl Bitmap #cards 512 size 80 coarsen threshold 460 Card regions per heap region 1 cards per card region 4096

Heap:
 garbage-first heap   total 0K, used 0K [0x0000000706000000, 0x0000000800000000)
  region size 2048K, 0 young (0K), 0 survivors (0K)

[error occurred during error reporting (printing heap information), id 0xc0000005, EXCEPTION_ACCESS_VIOLATION (0xc0000005) at pc=0x00007ff8b46b3c59]
GC Heap History (0 events):
No events

Dll operation events (1 events):
Event: 0.006 Loaded shared library C:\Program Files\Java\jdk-20\bin\java.dll

Deoptimization events (0 events):
No events

Classes loaded (0 events):
No events

Classes unloaded (0 events):
No events

Classes redefined (0 events):
No events

Internal exceptions (0 events):
No events

VM Operations (0 events):
No events

Events (0 events):
No events


Dynamic libraries:
0x00007ff7cc540000 - 0x00007ff7cc550000 	C:\Program Files\Java\jdk-20\bin\java.exe
0x00007ff8f9fd0000 - 0x00007ff8fa1c8000 	C:\Windows\SYSTEM32\ntdll.dll
0x00007ff8f97a0000 - 0x00007ff8f985d000 	C:\Windows\System32\KERNEL32.DLL
0x00007ff8f7790000 - 0x00007ff8f7a86000 	C:\Windows\System32\KERNELBASE.dll
0x00007ff8f7a90000 - 0x00007ff8f7b90000 	C:\Windows\System32\ucrtbase.dll
0x00007ff8ce540000 - 0x00007ff8ce55b000 	C:\Program Files\Java\jdk-20\bin\VCRUNTIME140.dll
0x00007ff8cad60000 - 0x00007ff8cad79000 	C:\Program Files\Java\jdk-20\bin\jli.dll
0x00007ff8f8020000 - 0x00007ff8f80d3000 	C:\Windows\System32\ADVAPI32.dll
0x00007ff8f9b20000 - 0x00007ff8f9bbe000 	C:\Windows\System32\msvcrt.dll
0x00007ff8f9860000 - 0x00007ff8f98ff000 	C:\Windows\System32\sechost.dll
0x00007ff8f99f0000 - 0x00007ff8f9b16000 	C:\Windows\System32\RPCRT4.dll
0x00007ff8f7d60000 - 0x00007ff8f7d87000 	C:\Windows\System32\bcrypt.dll
0x00007ff8f9bc0000 - 0x00007ff8f9d5e000 	C:\Windows\System32\USER32.dll
0x00007ff8ea6e0000 - 0x00007ff8ea97a000 	C:\Windows\WinSxS\amd64_microsoft.windows.common-controls_6595b64144ccf1df_6.0.19041.3636_none_60b6a03d71f818d5\COMCTL32.dll
0x00007ff8f76a0000 - 0x00007ff8f76c2000 	C:\Windows\System32\win32u.dll
0x00007ff8f8c50000 - 0x00007ff8f8c7c000 	C:\Windows\System32\GDI32.dll
0x00007ff8f7c40000 - 0x00007ff8f7d5a000 	C:\Windows\System32\gdi32full.dll
0x00007ff8f7f80000 - 0x00007ff8f801d000 	C:\Windows\System32\msvcp_win.dll
0x00007ff8ee080000 - 0x00007ff8ee08a000 	C:\Windows\SYSTEM32\VERSION.dll
0x00007ff8f8fe0000 - 0x00007ff8f9010000 	C:\Windows\System32\IMM32.DLL
0x00007ff8debb0000 - 0x00007ff8debbc000 	C:\Program Files\Java\jdk-20\bin\vcruntime140_1.dll
0x00007ff8c2ef0000 - 0x00007ff8c2f7e000 	C:\Program Files\Java\jdk-20\bin\msvcp140.dll
0x00007ff8b3fa0000 - 0x00007ff8b4c37000 	C:\Program Files\Java\jdk-20\bin\server\jvm.dll
0x00007ff8ed320000 - 0x00007ff8ed329000 	C:\Windows\SYSTEM32\WSOCK32.dll
0x00007ff8ee650000 - 0x00007ff8ee677000 	C:\Windows\SYSTEM32\WINMM.dll
0x00007ff8f9980000 - 0x00007ff8f99eb000 	C:\Windows\System32\WS2_32.dll
0x00007ff8f5390000 - 0x00007ff8f53a2000 	C:\Windows\SYSTEM32\kernel.appcore.dll
0x00007ff8d6770000 - 0x00007ff8d677a000 	C:\Program Files\Java\jdk-20\bin\jimage.dll
0x00007ff8ecf30000 - 0x00007ff8ed114000 	C:\Windows\SYSTEM32\DBGHELP.DLL
0x00007ff8ec940000 - 0x00007ff8ec974000 	C:\Windows\SYSTEM32\dbgcore.DLL
0x00007ff8f7d90000 - 0x00007ff8f7e12000 	C:\Windows\System32\bcryptPrimitives.dll
0x00007ff8c2ec0000 - 0x00007ff8c2ee6000 	C:\Program Files\Java\jdk-20\bin\java.dll

dbghelp: loaded successfully - version: 4.0.5 - missing functions: none
symbol engine: initialized successfully - sym options: 0x614 - pdb path: .;C:\Program Files\Java\jdk-20\bin;C:\Windows\SYSTEM32;C:\Windows\WinSxS\amd64_microsoft.windows.common-controls_6595b64144ccf1df_6.0.19041.3636_none_60b6a03d71f818d5;C:\Program Files\Java\jdk-20\bin\server

VM Arguments:
jvm_args: -Dclassworlds.conf=C:\maven\apache-maven-3.8.8\bin\m2.conf -Dmaven.home=C:\maven\apache-maven-3.8.8 -Dlibrary.jansi.path=C:\maven\apache-maven-3.8.8\lib\jansi-native -Dmaven.multiModuleProjectDirectory=C:\andon-jfa-project-finish\spring-boot-api-nodemcu-jwt-token 
java_command: org.codehaus.plexus.classworlds.launcher.Launcher clean install -DskipTests
java_class_path (initial): C:\maven\apache-maven-3.8.8\boot\plexus-classworlds-2.6.0.jar
Launcher Type: SUN_STANDARD

[Global flags]
     intx CICompilerCount                          = 12                                        {product} {ergonomic}
     uint ConcGCThreads                            = 3                                         {product} {ergonomic}
     uint G1ConcRefinementThreads                  = 13                                        {product} {ergonomic}
   size_t G1HeapRegionSize                         = 2097152                                   {product} {ergonomic}
    uintx GCDrainStackTargetSize                   = 64                                        {product} {ergonomic}
   size_t InitialHeapSize                          = 262144000                                 {product} {ergonomic}
   size_t MarkStackSize                            = 4194304                                   {product} {ergonomic}
   size_t MaxHeapSize                              = 4194304000                                {product} {ergonomic}
   size_t MinHeapDeltaBytes                        = 2097152                                   {product} {ergonomic}
   size_t MinHeapSize                              = 8388608                                   {product} {ergonomic}
    uintx NonNMethodCodeHeapSize                   = 7602480                                {pd product} {ergonomic}
    uintx NonProfiledCodeHeapSize                  = 122027880                              {pd product} {ergonomic}
    uintx ProfiledCodeHeapSize                     = 122027880                              {pd product} {ergonomic}
    uintx ReservedCodeCacheSize                    = 251658240                              {pd product} {ergonomic}
     bool SegmentedCodeCache                       = true                                      {product} {ergonomic}
   size_t SoftMaxHeapSize                          = 4194304000                             {manageable} {ergonomic}
     bool UseCompressedClassPointers               = true                           {product lp64_product} {ergonomic}
     bool UseCompressedOops                        = true                           {product lp64_product} {ergonomic}
     bool UseG1GC                                  = true                                      {product} {ergonomic}
     bool UseLargePagesIndividualAllocation        = false                                  {pd product} {ergonomic}

Logging:
Log output configuration:
 #0: stdout all=warning uptime,level,tags foldmultilines=false
 #1: stderr all=off uptime,level,tags foldmultilines=false

Environment Variables:
PATH=C:\Program Files\Common Files\Oracle\Java\javapath;C:\Windows\system32;C:\Windows;C:\Windows\System32\Wbem;C:\Windows\System32\WindowsPowerShell\v1.0\;C:\Windows\System32\OpenSSH\;C:\maven\apache-maven-3.8.8\bin;C:\Program Files\Java\jdk-20;C:\ProgramData\chocolatey\bin;C:\Program Files\Disk Usage\;C:\Program Files\Git\cmd;C:\Program Files\nodejs\;C:\Program Files\MySQL\MySQL Shell 8.0\bin\;C:\Users\aDMINISTRATOR\AppData\Local\Microsoft\WindowsApps;C:\Users\aDMINISTRATOR\AppData\Roaming\npm\;C:\Users\aDMINISTRATOR\AppData\Local\Programs\Microsoft VS Code\bin;C:\nginx;C:\Users\aDMINISTRATOR\AppData\Roaming\npm\node_modules\pm2\bin
USERNAME=ADMINISTRATOR
OS=Windows_NT
PROCESSOR_IDENTIFIER=Intel64 Family 6 Model 165 Stepping 5, GenuineIntel
TMP=C:\Users\ADMINI~1\AppData\Local\Temp
TEMP=C:\Users\ADMINI~1\AppData\Local\Temp




---------------  S Y S T E M  ---------------

OS:
 Windows 10 , 64 bit Build 19041 (10.0.19041.3636)
OS uptime: 4 days 22:08 hours
Hyper-V virtualization detected

CPU: total 16 (initial active 16) (8 cores per cpu, 2 threads per core) family 6 model 165 stepping 5 microcode 0xffffffff, cx8, cmov, fxsr, ht, mmx, 3dnowpref, sse, sse2, sse3, ssse3, sse4.1, sse4.2, popcnt, lzcnt, tsc, avx, avx2, aes, erms, clmul, bmi1, bmi2, adx, fma, vzeroupper, clflush, clflushopt, hv, rdtscp, f16c

Memory: 4k page, system-wide physical 15999M (2799M free)
TotalPageFile size 30136M (AvailPageFile size 124M)
current process WorkingSet (physical memory assigned to process): 11M, peak: 11M
current process commit charge ("private bytes"): 71M, peak: 320M

vm_info: Java HotSpot(TM) 64-Bit Server VM (20+36-2344) for windows-amd64 JRE (20+36-2344), built on 2023-02-10T19:30:15Z by "mach5one" with MS VC++ 17.1 (VS2022)

END.
